c:\users\zxy20\documents\github\kernelhiddenexecute\controlpanel\debug\qrc_controlpanel.obj
c:\users\zxy20\documents\github\kernelhiddenexecute\controlpanel\debug\moc_controlpanel.obj
c:\users\zxy20\documents\github\kernelhiddenexecute\controlpanel\debug\controlpanel.obj
c:\users\zxy20\documents\github\kernelhiddenexecute\controlpanel\debug\main.obj
c:\users\zxy20\documents\github\kernelhiddenexecute\controlpanel\debug\dlservices.obj
c:\users\zxy20\documents\github\kernelhiddenexecute\controlpanel\debug\dlcommon.obj
c:\users\zxy20\documents\github\kernelhiddenexecute\controlpanel\debug\vc142.pdb
c:\users\zxy20\documents\github\kernelhiddenexecute\controlpanel\debug\dlioctl.obj
c:\users\zxy20\documents\github\kernelhiddenexecute\controlpanel\debug\uic\ui_controlpanel.h
c:\users\zxy20\documents\github\kernelhiddenexecute\controlpanel\debug\rcc\qrc_controlpanel.cpp
c:\users\zxy20\documents\github\kernelhiddenexecute\controlpanel\debug\moc\moc_controlpanel.cpp
c:\users\zxy20\documents\github\kernelhiddenexecute\debug\controlpanel.exe
c:\users\zxy20\documents\github\kernelhiddenexecute\debug\controlpanel.ilk
c:\users\zxy20\documents\github\kernelhiddenexecute\debug\controlpanel.pdb
c:\users\zxy20\documents\github\kernelhiddenexecute\controlpanel\debug\controlpanel.tlog\cl.command.1.tlog
c:\users\zxy20\documents\github\kernelhiddenexecute\controlpanel\debug\controlpanel.tlog\cl.read.1.tlog
c:\users\zxy20\documents\github\kernelhiddenexecute\controlpanel\debug\controlpanel.tlog\cl.write.1.tlog
c:\users\zxy20\documents\github\kernelhiddenexecute\controlpanel\debug\controlpanel.tlog\controlpanel.write.1u.tlog
c:\users\zxy20\documents\github\kernelhiddenexecute\controlpanel\debug\controlpanel.tlog\link.command.1.tlog
c:\users\zxy20\documents\github\kernelhiddenexecute\controlpanel\debug\controlpanel.tlog\link.read.1.tlog
c:\users\zxy20\documents\github\kernelhiddenexecute\controlpanel\debug\controlpanel.tlog\link.write.1.tlog
c:\users\zxy20\documents\github\kernelhiddenexecute\controlpanel\debug\controlpanel.tlog\moc.read.1u.tlog
c:\users\zxy20\documents\github\kernelhiddenexecute\controlpanel\debug\controlpanel.tlog\moc.write.1u.tlog
c:\users\zxy20\documents\github\kernelhiddenexecute\controlpanel\debug\controlpanel.tlog\rcc.read.1u.tlog
c:\users\zxy20\documents\github\kernelhiddenexecute\controlpanel\debug\controlpanel.tlog\rcc.write.1u.tlog
c:\users\zxy20\documents\github\kernelhiddenexecute\controlpanel\debug\controlpanel.tlog\uic.read.1u.tlog
c:\users\zxy20\documents\github\kernelhiddenexecute\controlpanel\debug\controlpanel.tlog\uic.write.1u.tlog
