c:\users\zxy20\documents\github\kernelhiddenexecute\kernelhiddenexecute\x64\release\vc142.pdb
c:\users\zxy20\documents\github\kernelhiddenexecute\kernelhiddenexecute\x64\release\sectionoperation.obj
c:\users\zxy20\documents\github\kernelhiddenexecute\kernelhiddenexecute\x64\release\physicalmemoryoperation.obj
c:\users\zxy20\documents\github\kernelhiddenexecute\kernelhiddenexecute\x64\release\main.obj
c:\users\zxy20\documents\github\kernelhiddenexecute\kernelhiddenexecute\x64\release\hiddenfunctions.obj
c:\users\zxy20\documents\github\kernelhiddenexecute\kernelhiddenexecute\x64\release\hiddenexecute.obj
c:\users\zxy20\documents\github\kernelhiddenexecute\kernelhiddenexecute\x64\release\hiddencallapitransfer.obj
c:\users\zxy20\documents\github\kernelhiddenexecute\x64\release\kernelhiddenexecute.sys
c:\users\zxy20\documents\github\kernelhiddenexecute\x64\release\kernelhiddenexecute.pdb
c:\users\zxy20\documents\github\kernelhiddenexecute\kernelhiddenexecute\x64\release\kernelhiddenexecute.inf
c:\users\zxy20\documents\github\kernelhiddenexecute\x64\release\kernelhiddenexecute.inf
c:\users\zxy20\documents\github\kernelhiddenexecute\kernelhiddenexecute\x64\release\kernelhi.c9710f06.tlog\cl.command.1.tlog
c:\users\zxy20\documents\github\kernelhiddenexecute\kernelhiddenexecute\x64\release\kernelhi.c9710f06.tlog\cl.read.1.tlog
c:\users\zxy20\documents\github\kernelhiddenexecute\kernelhiddenexecute\x64\release\kernelhi.c9710f06.tlog\cl.write.1.tlog
c:\users\zxy20\documents\github\kernelhiddenexecute\kernelhiddenexecute\x64\release\kernelhi.c9710f06.tlog\link.command.1.tlog
c:\users\zxy20\documents\github\kernelhiddenexecute\kernelhiddenexecute\x64\release\kernelhi.c9710f06.tlog\link.read.1.tlog
c:\users\zxy20\documents\github\kernelhiddenexecute\kernelhiddenexecute\x64\release\kernelhi.c9710f06.tlog\link.write.1.tlog
c:\users\zxy20\documents\github\kernelhiddenexecute\kernelhiddenexecute\x64\release\kernelhi.c9710f06.tlog\stampinf.command.1.tlog
c:\users\zxy20\documents\github\kernelhiddenexecute\kernelhiddenexecute\x64\release\kernelhi.c9710f06.tlog\stampinf.read.1.tlog
c:\users\zxy20\documents\github\kernelhiddenexecute\kernelhiddenexecute\x64\release\kernelhi.c9710f06.tlog\stampinf.write.1.tlog
