c:\users\zxy20\source\repos\kernelhiddenexcute\kernelhiddenexcute\x64\release\vc140.pdb
c:\users\zxy20\source\repos\kernelhiddenexcute\kernelhiddenexcute\x64\release\main.obj
c:\users\zxy20\source\repos\kernelhiddenexecute\kernelhiddenexcute\x64\release\vc140.pdb
c:\users\zxy20\source\repos\kernelhiddenexecute\kernelhiddenexcute\x64\release\main.obj
c:\users\zxy20\documents\github\kernelhiddenexecute\kernelhiddenexcute\x64\release\vc142.pdb
c:\users\zxy20\documents\github\kernelhiddenexecute\kernelhiddenexcute\x64\release\main.obj
c:\users\zxy20\source\repos\kernelhiddenexcute\x64\release\kernelhiddenexcute.sys
c:\users\zxy20\source\repos\kernelhiddenexcute\x64\release\kernelhiddenexcute.pdb
c:\users\zxy20\source\repos\kernelhiddenexecute\x64\release\kernelhiddenexcute.sys
c:\users\zxy20\source\repos\kernelhiddenexecute\x64\release\kernelhiddenexcute.pdb
c:\users\zxy20\documents\github\kernelhiddenexecute\x64\release\kernelhiddenexcute.sys
c:\users\zxy20\documents\github\kernelhiddenexecute\x64\release\kernelhiddenexcute.pdb
c:\users\zxy20\source\repos\kernelhiddenexcute\kernelhiddenexcute\x64\release\kernelhiddenexcute.inf
c:\users\zxy20\source\repos\kernelhiddenexecute\kernelhiddenexcute\x64\release\kernelhiddenexcute.inf
c:\users\zxy20\documents\github\kernelhiddenexecute\kernelhiddenexcute\x64\release\kernelhiddenexcute.inf
c:\users\zxy20\documents\github\kernelhiddenexecute\x64\release\kernelhiddenexcute.inf
c:\users\zxy20\documents\github\kernelhiddenexecute\kernelhiddenexcute\x64\release\vc140.pdb
c:\users\zxy20\documents\github\kernelhiddenexecute\kernelhiddenexcute\x64\release\kernelhi.b6dd98d0.tlog\cl.command.1.tlog
c:\users\zxy20\documents\github\kernelhiddenexecute\kernelhiddenexcute\x64\release\kernelhi.b6dd98d0.tlog\cl.read.1.tlog
c:\users\zxy20\documents\github\kernelhiddenexecute\kernelhiddenexcute\x64\release\kernelhi.b6dd98d0.tlog\cl.write.1.tlog
c:\users\zxy20\documents\github\kernelhiddenexecute\kernelhiddenexcute\x64\release\kernelhi.b6dd98d0.tlog\link.command.1.tlog
c:\users\zxy20\documents\github\kernelhiddenexecute\kernelhiddenexcute\x64\release\kernelhi.b6dd98d0.tlog\link.read.1.tlog
c:\users\zxy20\documents\github\kernelhiddenexecute\kernelhiddenexcute\x64\release\kernelhi.b6dd98d0.tlog\link.write.1.tlog
c:\users\zxy20\documents\github\kernelhiddenexecute\kernelhiddenexcute\x64\release\kernelhi.b6dd98d0.tlog\signtool.command.1.tlog
c:\users\zxy20\documents\github\kernelhiddenexecute\kernelhiddenexcute\x64\release\kernelhi.b6dd98d0.tlog\signtool.read.1.tlog
c:\users\zxy20\documents\github\kernelhiddenexecute\kernelhiddenexcute\x64\release\kernelhi.b6dd98d0.tlog\signtool.timestamp.1.tlog
c:\users\zxy20\documents\github\kernelhiddenexecute\kernelhiddenexcute\x64\release\kernelhi.b6dd98d0.tlog\signtool.write.1.tlog
c:\users\zxy20\documents\github\kernelhiddenexecute\kernelhiddenexcute\x64\release\kernelhi.b6dd98d0.tlog\stampinf.command.1.tlog
c:\users\zxy20\documents\github\kernelhiddenexecute\kernelhiddenexcute\x64\release\kernelhi.b6dd98d0.tlog\stampinf.read.1.tlog
c:\users\zxy20\documents\github\kernelhiddenexecute\kernelhiddenexcute\x64\release\kernelhi.b6dd98d0.tlog\stampinf.write.1.tlog
